Arguments: 
  /Users/stavros/.nvm/versions/node/v10.15.3/bin/node /Users/stavros/.yarn/bin/yarn.js add graphql/language/printer

PATH: 
  /Users/stavros/.yarn/bin:/Users/stavros/.config/yarn/global/node_modules/.bin:/Library/Frameworks/Python.framework/Versions/3.7/bin:/Users/stavros/.nvm/versions/node/v10.15.3/bin:/usr/local/Cellar/aws-elasticbeanstalk/3.10.0/bin/:/Users/stavros/Library/Python/3.7/bin/:/Users/bf/pear/bin/:/Users/stavros/.platformsh/bin:/Library/Frameworks/Python.framework/Versions/3.7/bin:/usr/local/bin:/usr/bin:/bin:/usr/sbin:/sbin

Yarn version: 
  1.22.4

Node version: 
  10.15.3

Platform: 
  darwin x64

Trace: 
  Error: https://registry.yarnpkg.com/graphql%2flanguage/printer: Request "https://registry.yarnpkg.com/graphql%2flanguage/printer" returned a 405
      at Request.params.callback [as _callback] (/Users/stavros/.yarn/lib/cli.js:66996:18)
      at Request.self.callback (/Users/stavros/.yarn/lib/cli.js:140748:22)
      at Request.emit (events.js:189:13)
      at Request.<anonymous> (/Users/stavros/.yarn/lib/cli.js:141720:10)
      at Request.emit (events.js:189:13)
      at IncomingMessage.<anonymous> (/Users/stavros/.yarn/lib/cli.js:141642:12)
      at Object.onceWrapper (events.js:277:13)
      at IncomingMessage.emit (events.js:194:15)
      at endReadableNT (_stream_readable.js:1125:12)
      at process._tickCallback (internal/process/next_tick.js:63:19)

npm manifest: 
  {
    "name": "crystallize-shopify-import",
    "version": "1.0.0",
    "description": "A script importing shopify catalogue and past orders in Crystallize",
    "main": "index.js",
    "scripts": {
      "dev": "node -r esm ./index.js",
      "import": "node -r esm ./index.js",
      "single": "MODE=SINGLE node -r esm ./index.js",
      "test": "npm run test:unit && npm run test:integration",
      "test:unit": "NODE_ENV=test mocha -r esm \"tests/unit/**/*.js\"",
      "test:integration": "NODE_ENV=test mocha -r esm \"tests/integration/**/*.js\""
    },
    "repository": {
      "type": "git",
      "url": "git+https://github.com/CrystallizeAPI/crystallize-shopify-import.git"
    },
    "keywords": [
      "shopify",
      "crystallize",
      "import",
      "script",
      "ecommerce"
    ],
    "author": "Stavros Sotiropoulos",
    "license": "ISC",
    "bugs": {
      "url": "https://github.com/CrystallizeAPI/crystallize-shopify-import/issues"
    },
    "homepage": "https://github.com/CrystallizeAPI/crystallize-shopify-import#readme",
    "dependencies": {
      "cockatiel": "^1.1.1",
      "dotenv": "^8.2.0",
      "download": "^8.0.0",
      "esm": "^3.2.25",
      "form-data": "^3.0.0",
      "graphql-request": "^3.0.0",
      "parse5": "^6.0.1",
      "slug": "^3.3.4",
      "xml-js": "^1.6.11"
    }
  }

yarn manifest: 
  No manifest

Lockfile: 
  # THIS IS AN AUTOGENERATED FILE. DO NOT EDIT THIS FILE DIRECTLY.
  # yarn lockfile v1
  
  
  "@sindresorhus/is@^0.7.0":
    version "0.7.0"
    resolved "https://registry.yarnpkg.com/@sindresorhus/is/-/is-0.7.0.tgz#9a06f4f137ee84d7df0460c1fdb1135ffa6c50fd"
    integrity sha512-ONhaKPIufzzrlNbqtWFFd+jlnemX6lJAgq9ZeiZtS7I1PIf/la7CW4m83rTXRnVnsMbW2k56pGYu7AUFJD9Pow==
  
  archive-type@^4.0.0:
    version "4.0.0"
    resolved "https://registry.yarnpkg.com/archive-type/-/archive-type-4.0.0.tgz#f92e72233056dfc6969472749c267bdb046b1d70"
    integrity sha1-+S5yIzBW38aWlHJ0nCZ72wRrHXA=
    dependencies:
      file-type "^4.2.0"
  
  asynckit@^0.4.0:
    version "0.4.0"
    resolved "https://registry.yarnpkg.com/asynckit/-/asynckit-0.4.0.tgz#c79ed97f7f34cb8f2ba1bc9790bcc366474b4b79"
    integrity sha1-x57Zf380y48robyXkLzDZkdLS3k=
  
  base64-js@^1.0.2:
    version "1.3.1"
    resolved "https://registry.yarnpkg.com/base64-js/-/base64-js-1.3.1.tgz#58ece8cb75dd07e71ed08c736abc5fac4dbf8df1"
    integrity sha512-mLQ4i2QO1ytvGWFWmcngKO//JXAQueZvwEKtjgQFM4jIK0kU+ytMfplL8j+n5mspOfjHwoAg+9yhb7BwAHm36g==
  
  bl@^1.0.0:
    version "1.2.2"
    resolved "https://registry.yarnpkg.com/bl/-/bl-1.2.2.tgz#a160911717103c07410cef63ef51b397c025af9c"
    integrity sha512-e8tQYnZodmebYDWGH7KMRvtzKXaJHx3BbilrgZCfvyLUYdKpK1t5PSPmpkny/SgiTSCnjfLW7v5rlONXVFkQEA==
    dependencies:
      readable-stream "^2.3.5"
      safe-buffer "^5.1.1"
  
  buffer-alloc-unsafe@^1.1.0:
    version "1.1.0"
    resolved "https://registry.yarnpkg.com/buffer-alloc-unsafe/-/buffer-alloc-unsafe-1.1.0.tgz#bd7dc26ae2972d0eda253be061dba992349c19f0"
    integrity sha512-TEM2iMIEQdJ2yjPJoSIsldnleVaAk1oW3DBVUykyOLsEsFmEc9kn+SFFPz+gl54KQNxlDnAwCXosOS9Okx2xAg==
  
  buffer-alloc@^1.2.0:
    version "1.2.0"
    resolved "https://registry.yarnpkg.com/buffer-alloc/-/buffer-alloc-1.2.0.tgz#890dd90d923a873e08e10e5fd51a57e5b7cce0ec"
    integrity sha512-CFsHQgjtW1UChdXgbyJGtnm+O/uLQeZdtbDo8mfUgYXCHSM1wgrVxXm6bSyrUuErEb+4sYVGCzASBRot7zyrow==
    dependencies:
      buffer-alloc-unsafe "^1.1.0"
      buffer-fill "^1.0.0"
  
  buffer-crc32@~0.2.3:
    version "0.2.13"
    resolved "https://registry.yarnpkg.com/buffer-crc32/-/buffer-crc32-0.2.13.tgz#0d333e3f00eac50aa1454abd30ef8c2a5d9a7242"
    integrity sha1-DTM+PwDqxQqhRUq9MO+MKl2ackI=
  
  buffer-fill@^1.0.0:
    version "1.0.0"
    resolved "https://registry.yarnpkg.com/buffer-fill/-/buffer-fill-1.0.0.tgz#f8f78b76789888ef39f205cd637f68e702122b2c"
    integrity sha1-+PeLdniYiO858gXNY39o5wISKyw=
  
  buffer@^5.2.1:
    version "5.6.0"
    resolved "https://registry.yarnpkg.com/buffer/-/buffer-5.6.0.tgz#a31749dc7d81d84db08abf937b6b8c4033f62786"
    integrity sha512-/gDYp/UtU0eA1ys8bOs9J6a+E/KWIY+DZ+Q2WESNUA0jFRsJOc0SNUO6xJ5SGA1xueg3NL65W6s+NY5l9cunuw==
    dependencies:
      base64-js "^1.0.2"
      ieee754 "^1.1.4"
  
  cacheable-request@^2.1.1:
    version "2.1.4"
    resolved "https://registry.yarnpkg.com/cacheable-request/-/cacheable-request-2.1.4.tgz#0d808801b6342ad33c91df9d0b44dc09b91e5c3d"
    integrity sha1-DYCIAbY0KtM8kd+dC0TcCbkeXD0=
    dependencies:
      clone-response "1.0.2"
      get-stream "3.0.0"
      http-cache-semantics "3.8.1"
      keyv "3.0.0"
      lowercase-keys "1.0.0"
      normalize-url "2.0.1"
      responselike "1.0.2"
  
  clone-response@1.0.2:
    version "1.0.2"
    resolved "https://registry.yarnpkg.com/clone-response/-/clone-response-1.0.2.tgz#d1dc973920314df67fbeb94223b4ee350239e96b"
    integrity sha1-0dyXOSAxTfZ/vrlCI7TuNQI56Ws=
    dependencies:
      mimic-response "^1.0.0"
  
  cockatiel@^1.1.1:
    version "1.1.1"
    resolved "https://registry.yarnpkg.com/cockatiel/-/cockatiel-1.1.1.tgz#851fcee67df9a824c7946cb0927c9351b552d26b"
    integrity sha512-YO02ZhTcK2HOZodksWfg4tS1GYYt1j7R6U1unAkwcQf1uoIYKSBqPrfqXlLNbsyMvkDXMwa2nuwZDHbUkB1VbQ==
  
  combined-stream@^1.0.8:
    version "1.0.8"
    resolved "https://registry.yarnpkg.com/combined-stream/-/combined-stream-1.0.8.tgz#c3d45a8b34fd730631a110a8a2520682b31d5a7f"
    integrity sha512-FQN4MRfuJeHf7cBbBMJFXhKSDq+2kAArBlmRBvcvFE5BB1HZKXtSFASDhdlz9zOYwxh8lDdnvmMOe/+5cdoEdg==
    dependencies:
      delayed-stream "~1.0.0"
  
  commander@^2.8.1:
    version "2.20.3"
    resolved "https://registry.yarnpkg.com/commander/-/commander-2.20.3.tgz#fd485e84c03eb4881c20722ba48035e8531aeb33"
    integrity sha512-GpVkmM8vF2vQUkj2LvZmD35JxeJOLCwJ9cUkugyk2nuhbv3+mJvpLYYt+0+USMxE+oj+ey/lJEnhZw75x/OMcQ==
  
  content-disposition@^0.5.2:
    version "0.5.3"
    resolved "https://registry.yarnpkg.com/content-disposition/-/content-disposition-0.5.3.tgz#e130caf7e7279087c5616c2007d0485698984fbd"
    integrity sha512-ExO0774ikEObIAEV9kDo50o+79VCUdEB6n6lzKgGwupcVeRlhrj3qGAfwq8G6uBJjkqLrhT0qEYFcWng8z1z0g==
    dependencies:
      safe-buffer "5.1.2"
  
  core-util-is@~1.0.0:
    version "1.0.2"
    resolved "https://registry.yarnpkg.com/core-util-is/-/core-util-is-1.0.2.tgz#b5fd54220aa2bc5ab57aab7140c940754503c1a7"
    integrity sha1-tf1UIgqivFq1eqtxQMlAdUUDwac=
  
  cross-fetch@^3.0.4:
    version "3.0.5"
    resolved "https://registry.yarnpkg.com/cross-fetch/-/cross-fetch-3.0.5.tgz#2739d2981892e7ab488a7ad03b92df2816e03f4c"
    integrity sha512-FFLcLtraisj5eteosnX1gf01qYDCOc4fDy0+euOt8Kn9YBY2NtXL/pCoYPavw24NIQkQqm5ZOLsGD5Zzj0gyew==
    dependencies:
      node-fetch "2.6.0"
  
  decode-uri-component@^0.2.0:
    version "0.2.0"
    resolved "https://registry.yarnpkg.com/decode-uri-component/-/decode-uri-component-0.2.0.tgz#eb3913333458775cb84cd1a1fae062106bb87545"
    integrity sha1-6zkTMzRYd1y4TNGh+uBiEGu4dUU=
  
  decompress-response@^3.3.0:
    version "3.3.0"
    resolved "https://registry.yarnpkg.com/decompress-response/-/decompress-response-3.3.0.tgz#80a4dd323748384bfa248083622aedec982adff3"
    integrity sha1-gKTdMjdIOEv6JICDYirt7Jgq3/M=
    dependencies:
      mimic-response "^1.0.0"
  
  decompress-tar@^4.0.0, decompress-tar@^4.1.0, decompress-tar@^4.1.1:
    version "4.1.1"
    resolved "https://registry.yarnpkg.com/decompress-tar/-/decompress-tar-4.1.1.tgz#718cbd3fcb16209716e70a26b84e7ba4592e5af1"
    integrity sha512-JdJMaCrGpB5fESVyxwpCx4Jdj2AagLmv3y58Qy4GE6HMVjWz1FeVQk1Ct4Kye7PftcdOo/7U7UKzYBJgqnGeUQ==
    dependencies:
      file-type "^5.2.0"
      is-stream "^1.1.0"
      tar-stream "^1.5.2"
  
  decompress-tarbz2@^4.0.0:
    version "4.1.1"
    resolved "https://registry.yarnpkg.com/decompress-tarbz2/-/decompress-tarbz2-4.1.1.tgz#3082a5b880ea4043816349f378b56c516be1a39b"
    integrity sha512-s88xLzf1r81ICXLAVQVzaN6ZmX4A6U4z2nMbOwobxkLoIIfjVMBg7TeguTUXkKeXni795B6y5rnvDw7rxhAq9A==
    dependencies:
      decompress-tar "^4.1.0"
      file-type "^6.1.0"
      is-stream "^1.1.0"
      seek-bzip "^1.0.5"
      unbzip2-stream "^1.0.9"
  
  decompress-targz@^4.0.0:
    version "4.1.1"
    resolved "https://registry.yarnpkg.com/decompress-targz/-/decompress-targz-4.1.1.tgz#c09bc35c4d11f3de09f2d2da53e9de23e7ce1eee"
    integrity sha512-4z81Znfr6chWnRDNfFNqLwPvm4db3WuZkqV+UgXQzSngG3CEKdBkw5jrv3axjjL96glyiiKjsxJG3X6WBZwX3w==
    dependencies:
      decompress-tar "^4.1.1"
      file-type "^5.2.0"
      is-stream "^1.1.0"
  
  decompress-unzip@^4.0.1:
    version "4.0.1"
    resolved "https://registry.yarnpkg.com/decompress-unzip/-/decompress-unzip-4.0.1.tgz#deaaccdfd14aeaf85578f733ae8210f9b4848f69"
    integrity sha1-3qrM39FK6vhVePczroIQ+bSEj2k=
    dependencies:
      file-type "^3.8.0"
      get-stream "^2.2.0"
      pify "^2.3.0"
      yauzl "^2.4.2"
  
  decompress@^4.2.1:
    version "4.2.1"
    resolved "https://registry.yarnpkg.com/decompress/-/decompress-4.2.1.tgz#007f55cc6a62c055afa37c07eb6a4ee1b773f118"
    integrity sha512-e48kc2IjU+2Zw8cTb6VZcJQ3lgVbS4uuB1TfCHbiZIP/haNXm+SVyhu+87jts5/3ROpd82GSVCoNs/z8l4ZOaQ==
    dependencies:
      decompress-tar "^4.0.0"
      decompress-tarbz2 "^4.0.0"
      decompress-targz "^4.0.0"
      decompress-unzip "^4.0.1"
      graceful-fs "^4.1.10"
      make-dir "^1.0.0"
      pify "^2.3.0"
      strip-dirs "^2.0.0"
  
  delayed-stream@~1.0.0:
    version "1.0.0"
    resolved "https://registry.yarnpkg.com/delayed-stream/-/delayed-stream-1.0.0.tgz#df3ae199acadfb7d440aaae0b29e2272b24ec619"
    integrity sha1-3zrhmayt+31ECqrgsp4icrJOxhk=
  
  dotenv@^8.2.0:
    version "8.2.0"
    resolved "https://registry.yarnpkg.com/dotenv/-/dotenv-8.2.0.tgz#97e619259ada750eea3e4ea3e26bceea5424b16a"
    integrity sha512-8sJ78ElpbDJBHNeBzUbUVLsqKdccaa/BXF1uPTw3GrvQTBgrQrtObr2mUrE38vzYd8cEv+m/JBfDLioYcfXoaw==
  
  download@^8.0.0:
    version "8.0.0"
    resolved "https://registry.yarnpkg.com/download/-/download-8.0.0.tgz#afc0b309730811731aae9f5371c9f46be73e51b1"
    integrity sha512-ASRY5QhDk7FK+XrQtQyvhpDKanLluEEQtWl/J7Lxuf/b+i8RYh997QeXvL85xitrmRKVlx9c7eTrcRdq2GS4eA==
    dependencies:
      archive-type "^4.0.0"
      content-disposition "^0.5.2"
      decompress "^4.2.1"
      ext-name "^5.0.0"
      file-type "^11.1.0"
      filenamify "^3.0.0"
      get-stream "^4.1.0"
      got "^8.3.1"
      make-dir "^2.1.0"
      p-event "^2.1.0"
      pify "^4.0.1"
  
  duplexer3@^0.1.4:
    version "0.1.4"
    resolved "https://registry.yarnpkg.com/duplexer3/-/duplexer3-0.1.4.tgz#ee01dd1cac0ed3cbc7fdbea37dc0a8f1ce002ce2"
    integrity sha1-7gHdHKwO08vH/b6jfcCo8c4ALOI=
  
  end-of-stream@^1.0.0, end-of-stream@^1.1.0:
    version "1.4.4"
    resolved "https://registry.yarnpkg.com/end-of-stream/-/end-of-stream-1.4.4.tgz#5ae64a5f45057baf3626ec14da0ca5e4b2431eb0"
    integrity sha512-+uw1inIHVPQoaVuHzRyXd21icM+cnt4CzD5rW+NC1wjOUSTOs+Te7FOv7AhN7vS9x/oIyhLP5PR1H+phQAHu5Q==
    dependencies:
      once "^1.4.0"
  
  escape-string-regexp@^1.0.2:
    version "1.0.5"
    resolved "https://registry.yarnpkg.com/escape-string-regexp/-/escape-string-regexp-1.0.5.tgz#1b61c0562190a8dff6ae3bb2cf0200ca130b86d4"
    integrity sha1-G2HAViGQqN/2rjuyzwIAyhMLhtQ=
  
  esm@^3.2.25:
    version "3.2.25"
    resolved "https://registry.yarnpkg.com/esm/-/esm-3.2.25.tgz#342c18c29d56157688ba5ce31f8431fbb795cc10"
    integrity sha512-U1suiZ2oDVWv4zPO56S0NcR5QriEahGtdN2OR6FiOG4WJvcjBVFB0qI4+eKoWFH483PKGuLuu6V8Z4T5g63UVA==
  
  ext-list@^2.0.0:
    version "2.2.2"
    resolved "https://registry.yarnpkg.com/ext-list/-/ext-list-2.2.2.tgz#0b98e64ed82f5acf0f2931babf69212ef52ddd37"
    integrity sha512-u+SQgsubraE6zItfVA0tBuCBhfU9ogSRnsvygI7wht9TS510oLkBRXBsqopeUG/GBOIQyKZO9wjTqIu/sf5zFA==
    dependencies:
      mime-db "^1.28.0"
  
  ext-name@^5.0.0:
    version "5.0.0"
    resolved "https://registry.yarnpkg.com/ext-name/-/ext-name-5.0.0.tgz#70781981d183ee15d13993c8822045c506c8f0a6"
    integrity sha512-yblEwXAbGv1VQDmow7s38W77hzAgJAO50ztBLMcUyUBfxv1HC+LGwtiEN+Co6LtlqT/5uwVOxsD4TNIilWhwdQ==
    dependencies:
      ext-list "^2.0.0"
      sort-keys-length "^1.0.0"
  
  fd-slicer@~1.1.0:
    version "1.1.0"
    resolved "https://registry.yarnpkg.com/fd-slicer/-/fd-slicer-1.1.0.tgz#25c7c89cb1f9077f8891bbe61d8f390eae256f1e"
    integrity sha1-JcfInLH5B3+IkbvmHY85Dq4lbx4=
    dependencies:
      pend "~1.2.0"
  
  file-type@^11.1.0:
    version "11.1.0"
    resolved "https://registry.yarnpkg.com/file-type/-/file-type-11.1.0.tgz#93780f3fed98b599755d846b99a1617a2ad063b8"
    integrity sha512-rM0UO7Qm9K7TWTtA6AShI/t7H5BPjDeGVDaNyg9BjHAj3PysKy7+8C8D137R88jnR3rFJZQB/tFgydl5sN5m7g==
  
  file-type@^3.8.0:
    version "3.9.0"
    resolved "https://registry.yarnpkg.com/file-type/-/file-type-3.9.0.tgz#257a078384d1db8087bc449d107d52a52672b9e9"
    integrity sha1-JXoHg4TR24CHvESdEH1SpSZyuek=
  
  file-type@^4.2.0:
    version "4.4.0"
    resolved "https://registry.yarnpkg.com/file-type/-/file-type-4.4.0.tgz#1b600e5fca1fbdc6e80c0a70c71c8dba5f7906c5"
    integrity sha1-G2AOX8ofvcboDApwxxyNul95BsU=
  
  file-type@^5.2.0:
    version "5.2.0"
    resolved "https://registry.yarnpkg.com/file-type/-/file-type-5.2.0.tgz#2ddbea7c73ffe36368dfae49dc338c058c2b8ad6"
    integrity sha1-LdvqfHP/42No365J3DOMBYwritY=
  
  file-type@^6.1.0:
    version "6.2.0"
    resolved "https://registry.yarnpkg.com/file-type/-/file-type-6.2.0.tgz#e50cd75d356ffed4e306dc4f5bcf52a79903a919"
    integrity sha512-YPcTBDV+2Tm0VqjybVd32MHdlEGAtuxS3VAYsumFokDSMG+ROT5wawGlnHDoz7bfMcMDt9hxuXvXwoKUx2fkOg==
  
  filename-reserved-regex@^2.0.0:
    version "2.0.0"
    resolved "https://registry.yarnpkg.com/filename-reserved-regex/-/filename-reserved-regex-2.0.0.tgz#abf73dfab735d045440abfea2d91f389ebbfa229"
    integrity sha1-q/c9+rc10EVECr/qLZHzieu/oik=
  
  filenamify@^3.0.0:
    version "3.0.0"
    resolved "https://registry.yarnpkg.com/filenamify/-/filenamify-3.0.0.tgz#9603eb688179f8c5d40d828626dcbb92c3a4672c"
    integrity sha512-5EFZ//MsvJgXjBAFJ+Bh2YaCTRF/VP1YOmGrgt+KJ4SFRLjI87EIdwLLuT6wQX0I4F9W41xutobzczjsOKlI/g==
    dependencies:
      filename-reserved-regex "^2.0.0"
      strip-outer "^1.0.0"
      trim-repeated "^1.0.0"
  
  form-data@^3.0.0:
    version "3.0.0"
    resolved "https://registry.yarnpkg.com/form-data/-/form-data-3.0.0.tgz#31b7e39c85f1355b7139ee0c647cf0de7f83c682"
    integrity sha512-CKMFDglpbMi6PyN+brwB9Q/GOw0eAnsrEZDgcsH5Krhz5Od/haKHAX0NmQfha2zPPz0JpWzA7GJHGSnvCRLWsg==
    dependencies:
      asynckit "^0.4.0"
      combined-stream "^1.0.8"
      mime-types "^2.1.12"
  
  from2@^2.1.1:
    version "2.3.0"
    resolved "https://registry.yarnpkg.com/from2/-/from2-2.3.0.tgz#8bfb5502bde4a4d36cfdeea007fcca21d7e382af"
    integrity sha1-i/tVAr3kpNNs/e6gB/zKIdfjgq8=
    dependencies:
      inherits "^2.0.1"
      readable-stream "^2.0.0"
  
  fs-constants@^1.0.0:
    version "1.0.0"
    resolved "https://registry.yarnpkg.com/fs-constants/-/fs-constants-1.0.0.tgz#6be0de9be998ce16af8afc24497b9ee9b7ccd9ad"
    integrity sha512-y6OAwoSIf7FyjMIv94u+b5rdheZEjzR63GTyZJm5qh4Bi+2YgwLCcI/fPFZkL5PSixOt6ZNKm+w+Hfp/Bciwow==
  
  get-stream@3.0.0, get-stream@^3.0.0:
    version "3.0.0"
    resolved "https://registry.yarnpkg.com/get-stream/-/get-stream-3.0.0.tgz#8e943d1358dc37555054ecbe2edb05aa174ede14"
    integrity sha1-jpQ9E1jcN1VQVOy+LtsFqhdO3hQ=
  
  get-stream@^2.2.0:
    version "2.3.1"
    resolved "https://registry.yarnpkg.com/get-stream/-/get-stream-2.3.1.tgz#5f38f93f346009666ee0150a054167f91bdd95de"
    integrity sha1-Xzj5PzRgCWZu4BUKBUFn+Rvdld4=
    dependencies:
      object-assign "^4.0.1"
      pinkie-promise "^2.0.0"
  
  get-stream@^4.1.0:
    version "4.1.0"
    resolved "https://registry.yarnpkg.com/get-stream/-/get-stream-4.1.0.tgz#c1b255575f3dc21d59bfc79cd3d2b46b1c3a54b5"
    integrity sha512-GMat4EJ5161kIy2HevLlr4luNjBgvmj413KaQA7jt4V8B4RDsfpHk7WQ9GVqfYyyx8OS/L66Kox+rJRNklLK7w==
    dependencies:
      pump "^3.0.0"
  
  got@^8.3.1:
    version "8.3.2"
    resolved "https://registry.yarnpkg.com/got/-/got-8.3.2.tgz#1d23f64390e97f776cac52e5b936e5f514d2e937"
    integrity sha512-qjUJ5U/hawxosMryILofZCkm3C84PLJS/0grRIpjAwu+Lkxxj5cxeCU25BG0/3mDSpXKTyZr8oh8wIgLaH0QCw==
    dependencies:
      "@sindresorhus/is" "^0.7.0"
      cacheable-request "^2.1.1"
      decompress-response "^3.3.0"
      duplexer3 "^0.1.4"
      get-stream "^3.0.0"
      into-stream "^3.1.0"
      is-retry-allowed "^1.1.0"
      isurl "^1.0.0-alpha5"
      lowercase-keys "^1.0.0"
      mimic-response "^1.0.0"
      p-cancelable "^0.4.0"
      p-timeout "^2.0.1"
      pify "^3.0.0"
      safe-buffer "^5.1.1"
      timed-out "^4.0.1"
      url-parse-lax "^3.0.0"
      url-to-options "^1.0.1"
  
  graceful-fs@^4.1.10:
    version "4.2.4"
    resolved "https://registry.yarnpkg.com/graceful-fs/-/graceful-fs-4.2.4.tgz#2256bde14d3632958c465ebc96dc467ca07a29fb"
    integrity sha512-WjKPNJF79dtJAVniUlGGWHYGz2jWxT6VhN/4m1NdkbZ2nOsEF+cI1Edgql5zCRhs/VsQYRvrXctxktVXZUkixw==
  
  graphql-request@^3.0.0:
    version "3.0.0"
    resolved "https://registry.yarnpkg.com/graphql-request/-/graphql-request-3.0.0.tgz#942d81bbd621cc2223d35fbf2b42edf8be822b83"
    integrity sha512-zW8AuLnKMYOnpVKdANU9FzLDoj4u4AoU6KZ79e+BcJaNiuw/vgCJ0p7ppDMSDrW77a12Moa7J7Mg4w0f9Kd/Kg==
    dependencies:
      cross-fetch "^3.0.4"
  
  has-symbol-support-x@^1.4.1:
    version "1.4.2"
    resolved "https://registry.yarnpkg.com/has-symbol-support-x/-/has-symbol-support-x-1.4.2.tgz#1409f98bc00247da45da67cee0a36f282ff26455"
    integrity sha512-3ToOva++HaW+eCpgqZrCfN51IPB+7bJNVT6CUATzueB5Heb8o6Nam0V3HG5dlDvZU1Gn5QLcbahiKw/XVk5JJw==
  
  has-to-string-tag-x@^1.2.0:
    version "1.4.1"
    resolved "https://registry.yarnpkg.com/has-to-string-tag-x/-/has-to-string-tag-x-1.4.1.tgz#a045ab383d7b4b2012a00148ab0aa5f290044d4d"
    integrity sha512-vdbKfmw+3LoOYVr+mtxHaX5a96+0f3DljYd8JOqvOLsf5mw2Otda2qCDT9qRqLAhrjyQ0h7ual5nOiASpsGNFw==
    dependencies:
      has-symbol-support-x "^1.4.1"
  
  http-cache-semantics@3.8.1:
    version "3.8.1"
    resolved "https://registry.yarnpkg.com/http-cache-semantics/-/http-cache-semantics-3.8.1.tgz#39b0e16add9b605bf0a9ef3d9daaf4843b4cacd2"
    integrity sha512-5ai2iksyV8ZXmnZhHH4rWPoxxistEexSi5936zIQ1bnNTW5VnA85B6P/VpXiRM017IgRvb2kKo1a//y+0wSp3w==
  
  ieee754@^1.1.4:
    version "1.1.13"
    resolved "https://registry.yarnpkg.com/ieee754/-/ieee754-1.1.13.tgz#ec168558e95aa181fd87d37f55c32bbcb6708b84"
    integrity sha512-4vf7I2LYV/HaWerSo3XmlMkp5eZ83i+/CDluXi/IGTs/O1sejBNhTtnxzmRZfvOUqj7lZjqHkeTvpgSFDlWZTg==
  
  inherits@^2.0.1, inherits@~2.0.3:
    version "2.0.4"
    resolved "https://registry.yarnpkg.com/inherits/-/inherits-2.0.4.tgz#0fa2c64f932917c3433a0ded55363aae37416b7c"
    integrity sha512-k/vGaX4/Yla3WzyMCvTQOXYeIHvqOKtnqBduzTHpzpQZzAskKMhZ2K+EnBiSM9zGSoIFeMpXKxa4dYeZIQqewQ==
  
  into-stream@^3.1.0:
    version "3.1.0"
    resolved "https://registry.yarnpkg.com/into-stream/-/into-stream-3.1.0.tgz#96fb0a936c12babd6ff1752a17d05616abd094c6"
    integrity sha1-lvsKk2wSur1v8XUqF9BWFqvQlMY=
    dependencies:
      from2 "^2.1.1"
      p-is-promise "^1.1.0"
  
  is-natural-number@^4.0.1:
    version "4.0.1"
    resolved "https://registry.yarnpkg.com/is-natural-number/-/is-natural-number-4.0.1.tgz#ab9d76e1db4ced51e35de0c72ebecf09f734cde8"
    integrity sha1-q5124dtM7VHjXeDHLr7PCfc0zeg=
  
  is-object@^1.0.1:
    version "1.0.1"
    resolved "https://registry.yarnpkg.com/is-object/-/is-object-1.0.1.tgz#8952688c5ec2ffd6b03ecc85e769e02903083470"
    integrity sha1-iVJojF7C/9awPsyF52ngKQMINHA=
  
  is-plain-obj@^1.0.0:
    version "1.1.0"
    resolved "https://registry.yarnpkg.com/is-plain-obj/-/is-plain-obj-1.1.0.tgz#71a50c8429dfca773c92a390a4a03b39fcd51d3e"
    integrity sha1-caUMhCnfync8kqOQpKA7OfzVHT4=
  
  is-retry-allowed@^1.1.0:
    version "1.2.0"
    resolved "https://registry.yarnpkg.com/is-retry-allowed/-/is-retry-allowed-1.2.0.tgz#d778488bd0a4666a3be8a1482b9f2baafedea8b4"
    integrity sha512-RUbUeKwvm3XG2VYamhJL1xFktgjvPzL0Hq8C+6yrWIswDy3BIXGqCxhxkc30N9jqK311gVU137K8Ei55/zVJRg==
  
  is-stream@^1.1.0:
    version "1.1.0"
    resolved "https://registry.yarnpkg.com/is-stream/-/is-stream-1.1.0.tgz#12d4a3dd4e68e0b79ceb8dbc84173ae80d91ca44"
    integrity sha1-EtSj3U5o4Lec6428hBc66A2RykQ=
  
  isarray@~1.0.0:
    version "1.0.0"
    resolved "https://registry.yarnpkg.com/isarray/-/isarray-1.0.0.tgz#bb935d48582cba168c06834957a54a3e07124f11"
    integrity sha1-u5NdSFgsuhaMBoNJV6VKPgcSTxE=
  
  isurl@^1.0.0-alpha5:
    version "1.0.0"
    resolved "https://registry.yarnpkg.com/isurl/-/isurl-1.0.0.tgz#b27f4f49f3cdaa3ea44a0a5b7f3462e6edc39d67"
    integrity sha512-1P/yWsxPlDtn7QeRD+ULKQPaIaN6yF368GZ2vDfv0AL0NwpStafjWCDDdn0k8wgFMWpVAqG7oJhxHnlud42i9w==
    dependencies:
      has-to-string-tag-x "^1.2.0"
      is-object "^1.0.1"
  
  json-buffer@3.0.0:
    version "3.0.0"
    resolved "https://registry.yarnpkg.com/json-buffer/-/json-buffer-3.0.0.tgz#5b1f397afc75d677bde8bcfc0e47e1f9a3d9a898"
    integrity sha1-Wx85evx11ne96Lz8Dkfh+aPZqJg=
  
  keyv@3.0.0:
    version "3.0.0"
    resolved "https://registry.yarnpkg.com/keyv/-/keyv-3.0.0.tgz#44923ba39e68b12a7cec7df6c3268c031f2ef373"
    integrity sha512-eguHnq22OE3uVoSYG0LVWNP+4ppamWr9+zWBe1bsNcovIMy6huUJFPgy4mGwCd/rnl3vOLGW1MTlu4c57CT1xA==
    dependencies:
      json-buffer "3.0.0"
  
  lowercase-keys@1.0.0:
    version "1.0.0"
    resolved "https://registry.yarnpkg.com/lowercase-keys/-/lowercase-keys-1.0.0.tgz#4e3366b39e7f5457e35f1324bdf6f88d0bfc7306"
    integrity sha1-TjNms55/VFfjXxMkvfb4jQv8cwY=
  
  lowercase-keys@^1.0.0:
    version "1.0.1"
    resolved "https://registry.yarnpkg.com/lowercase-keys/-/lowercase-keys-1.0.1.tgz#6f9e30b47084d971a7c820ff15a6c5167b74c26f"
    integrity sha512-G2Lj61tXDnVFFOi8VZds+SoQjtQC3dgokKdDG2mTm1tx4m50NUHBOZSBwQQHyy0V12A0JTG4icfZQH+xPyh8VA==
  
  make-dir@^1.0.0:
    version "1.3.0"
    resolved "https://registry.yarnpkg.com/make-dir/-/make-dir-1.3.0.tgz#79c1033b80515bd6d24ec9933e860ca75ee27f0c"
    integrity sha512-2w31R7SJtieJJnQtGc7RVL2StM2vGYVfqUOvUDxH6bC6aJTxPxTF0GnIgCyu7tjockiUWAYQRbxa7vKn34s5sQ==
    dependencies:
      pify "^3.0.0"
  
  make-dir@^2.1.0:
    version "2.1.0"
    resolved "https://registry.yarnpkg.com/make-dir/-/make-dir-2.1.0.tgz#5f0310e18b8be898cc07009295a30ae41e91e6f5"
    integrity sha512-LS9X+dc8KLxXCb8dni79fLIIUA5VyZoyjSMCwTluaXA0o27cCK0bhXkpgw+sTXVpPy/lSO57ilRixqk0vDmtRA==
    dependencies:
      pify "^4.0.1"
      semver "^5.6.0"
  
  mime-db@1.44.0, mime-db@^1.28.0:
    version "1.44.0"
    resolved "https://registry.yarnpkg.com/mime-db/-/mime-db-1.44.0.tgz#fa11c5eb0aca1334b4233cb4d52f10c5a6272f92"
    integrity sha512-/NOTfLrsPBVeH7YtFPgsVWveuL+4SjjYxaQ1xtM1KMFj7HdxlBlxeyNLzhyJVx7r4rZGJAZ/6lkKCitSc/Nmpg==
  
  mime-types@^2.1.12:
    version "2.1.27"
    resolved "https://registry.yarnpkg.com/mime-types/-/mime-types-2.1.27.tgz#47949f98e279ea53119f5722e0f34e529bec009f"
    integrity sha512-JIhqnCasI9yD+SsmkquHBxTSEuZdQX5BuQnS2Vc7puQQQ+8yiP5AY5uWhpdv4YL4VM5c6iliiYWPgJ/nJQLp7w==
    dependencies:
      mime-db "1.44.0"
  
  mimic-response@^1.0.0:
    version "1.0.1"
    resolved "https://registry.yarnpkg.com/mimic-response/-/mimic-response-1.0.1.tgz#4923538878eef42063cb8a3e3b0798781487ab1b"
    integrity sha512-j5EctnkH7amfV/q5Hgmoal1g2QHFJRraOtmx0JpIqkxhBhI/lJSl1nMpQ45hVarwNETOoWEimndZ4QK0RHxuxQ==
  
  node-fetch@2.6.0:
    version "2.6.0"
    resolved "https://registry.yarnpkg.com/node-fetch/-/node-fetch-2.6.0.tgz#e633456386d4aa55863f676a7ab0daa8fdecb0fd"
    integrity sha512-8dG4H5ujfvFiqDmVu9fQ5bOHUC15JMjMY/Zumv26oOvvVJjM67KF8koCWIabKQ1GJIa9r2mMZscBq/TbdOcmNA==
  
  normalize-url@2.0.1:
    version "2.0.1"
    resolved "https://registry.yarnpkg.com/normalize-url/-/normalize-url-2.0.1.tgz#835a9da1551fa26f70e92329069a23aa6574d7e6"
    integrity sha512-D6MUW4K/VzoJ4rJ01JFKxDrtY1v9wrgzCX5f2qj/lzH1m/lW6MhUZFKerVsnyjOhOsYzI9Kqqak+10l4LvLpMw==
    dependencies:
      prepend-http "^2.0.0"
      query-string "^5.0.1"
      sort-keys "^2.0.0"
  
  object-assign@^4.0.1, object-assign@^4.1.0:
    version "4.1.1"
    resolved "https://registry.yarnpkg.com/object-assign/-/object-assign-4.1.1.tgz#2109adc7965887cfc05cbbd442cac8bfbb360863"
    integrity sha1-IQmtx5ZYh8/AXLvUQsrIv7s2CGM=
  
  once@^1.3.1, once@^1.4.0:
    version "1.4.0"
    resolved "https://registry.yarnpkg.com/once/-/once-1.4.0.tgz#583b1aa775961d4b113ac17d9c50baef9dd76bd1"
    integrity sha1-WDsap3WWHUsROsF9nFC6753Xa9E=
    dependencies:
      wrappy "1"
  
  p-cancelable@^0.4.0:
    version "0.4.1"
    resolved "https://registry.yarnpkg.com/p-cancelable/-/p-cancelable-0.4.1.tgz#35f363d67d52081c8d9585e37bcceb7e0bbcb2a0"
    integrity sha512-HNa1A8LvB1kie7cERyy21VNeHb2CWJJYqyyC2o3klWFfMGlFmWv2Z7sFgZH8ZiaYL95ydToKTFVXgMV/Os0bBQ==
  
  p-event@^2.1.0:
    version "2.3.1"
    resolved "https://registry.yarnpkg.com/p-event/-/p-event-2.3.1.tgz#596279ef169ab2c3e0cae88c1cfbb08079993ef6"
    integrity sha512-NQCqOFhbpVTMX4qMe8PF8lbGtzZ+LCiN7pcNrb/413Na7+TRoe1xkKUzuWa/YEJdGQ0FvKtj35EEbDoVPO2kbA==
    dependencies:
      p-timeout "^2.0.1"
  
  p-finally@^1.0.0:
    version "1.0.0"
    resolved "https://registry.yarnpkg.com/p-finally/-/p-finally-1.0.0.tgz#3fbcfb15b899a44123b34b6dcc18b724336a2cae"
    integrity sha1-P7z7FbiZpEEjs0ttzBi3JDNqLK4=
  
  p-is-promise@^1.1.0:
    version "1.1.0"
    resolved "https://registry.yarnpkg.com/p-is-promise/-/p-is-promise-1.1.0.tgz#9c9456989e9f6588017b0434d56097675c3da05e"
    integrity sha1-nJRWmJ6fZYgBewQ01WCXZ1w9oF4=
  
  p-timeout@^2.0.1:
    version "2.0.1"
    resolved "https://registry.yarnpkg.com/p-timeout/-/p-timeout-2.0.1.tgz#d8dd1979595d2dc0139e1fe46b8b646cb3cdf038"
    integrity sha512-88em58dDVB/KzPEx1X0N3LwFfYZPyDc4B6eF38M1rk9VTZMbxXXgjugz8mmwpS9Ox4BDZ+t6t3QP5+/gazweIA==
    dependencies:
      p-finally "^1.0.0"
  
  parse5@^6.0.1:
    version "6.0.1"
    resolved "https://registry.yarnpkg.com/parse5/-/parse5-6.0.1.tgz#e1a1c085c569b3dc08321184f19a39cc27f7c30b"
    integrity sha512-Ofn/CTFzRGTTxwpNEs9PP93gXShHcTq255nzRYSKe8AkVpZY7e1fpmTfOyoIvjP5HG7Z2ZM7VS9PPhQGW2pOpw==
  
  pend@~1.2.0:
    version "1.2.0"
    resolved "https://registry.yarnpkg.com/pend/-/pend-1.2.0.tgz#7a57eb550a6783f9115331fcf4663d5c8e007a50"
    integrity sha1-elfrVQpng/kRUzH89GY9XI4AelA=
  
  pify@^2.3.0:
    version "2.3.0"
    resolved "https://registry.yarnpkg.com/pify/-/pify-2.3.0.tgz#ed141a6ac043a849ea588498e7dca8b15330e90c"
    integrity sha1-7RQaasBDqEnqWISY59yosVMw6Qw=
  
  pify@^3.0.0:
    version "3.0.0"
    resolved "https://registry.yarnpkg.com/pify/-/pify-3.0.0.tgz#e5a4acd2c101fdf3d9a4d07f0dbc4db49dd28176"
    integrity sha1-5aSs0sEB/fPZpNB/DbxNtJ3SgXY=
  
  pify@^4.0.1:
    version "4.0.1"
    resolved "https://registry.yarnpkg.com/pify/-/pify-4.0.1.tgz#4b2cd25c50d598735c50292224fd8c6df41e3231"
    integrity sha512-uB80kBFb/tfd68bVleG9T5GGsGPjJrLAUpR5PZIrhBnIaRTQRjqdJSsIKkOP6OAIFbj7GOrcudc5pNjZ+geV2g==
  
  pinkie-promise@^2.0.0:
    version "2.0.1"
    resolved "https://registry.yarnpkg.com/pinkie-promise/-/pinkie-promise-2.0.1.tgz#2135d6dfa7a358c069ac9b178776288228450ffa"
    integrity sha1-ITXW36ejWMBprJsXh3YogihFD/o=
    dependencies:
      pinkie "^2.0.0"
  
  pinkie@^2.0.0:
    version "2.0.4"
    resolved "https://registry.yarnpkg.com/pinkie/-/pinkie-2.0.4.tgz#72556b80cfa0d48a974e80e77248e80ed4f7f870"
    integrity sha1-clVrgM+g1IqXToDnckjoDtT3+HA=
  
  prepend-http@^2.0.0:
    version "2.0.0"
    resolved "https://registry.yarnpkg.com/prepend-http/-/prepend-http-2.0.0.tgz#e92434bfa5ea8c19f41cdfd401d741a3c819d897"
    integrity sha1-6SQ0v6XqjBn0HN/UAddBo8gZ2Jc=
  
  process-nextick-args@~2.0.0:
    version "2.0.1"
    resolved "https://registry.yarnpkg.com/process-nextick-args/-/process-nextick-args-2.0.1.tgz#7820d9b16120cc55ca9ae7792680ae7dba6d7fe2"
    integrity sha512-3ouUOpQhtgrbOa17J7+uxOTpITYWaGP7/AhoR3+A+/1e9skrzelGi/dXzEYyvbxubEF6Wn2ypscTKiKJFFn1ag==
  
  pump@^3.0.0:
    version "3.0.0"
    resolved "https://registry.yarnpkg.com/pump/-/pump-3.0.0.tgz#b4a2116815bde2f4e1ea602354e8c75565107a64"
    integrity sha512-LwZy+p3SFs1Pytd/jYct4wpv49HiYCqd9Rlc5ZVdk0V+8Yzv6jR5Blk3TRmPL1ft69TxP0IMZGJ+WPFU2BFhww==
    dependencies:
      end-of-stream "^1.1.0"
      once "^1.3.1"
  
  query-string@^5.0.1:
    version "5.1.1"
    resolved "https://registry.yarnpkg.com/query-string/-/query-string-5.1.1.tgz#a78c012b71c17e05f2e3fa2319dd330682efb3cb"
    integrity sha512-gjWOsm2SoGlgLEdAGt7a6slVOk9mGiXmPFMqrEhLQ68rhQuBnpfs3+EmlvqKyxnCo9/PPlF+9MtY02S1aFg+Jw==
    dependencies:
      decode-uri-component "^0.2.0"
      object-assign "^4.1.0"
      strict-uri-encode "^1.0.0"
  
  readable-stream@^2.0.0, readable-stream@^2.3.0, readable-stream@^2.3.5:
    version "2.3.7"
    resolved "https://registry.yarnpkg.com/readable-stream/-/readable-stream-2.3.7.tgz#1eca1cf711aef814c04f62252a36a62f6cb23b57"
    integrity sha512-Ebho8K4jIbHAxnuxi7o42OrZgF/ZTNcsZj6nRKyUmkhLFq8CHItp/fy6hQZuZmP/n3yZ9VBUbp4zz/mX8hmYPw==
    dependencies:
      core-util-is "~1.0.0"
      inherits "~2.0.3"
      isarray "~1.0.0"
      process-nextick-args "~2.0.0"
      safe-buffer "~5.1.1"
      string_decoder "~1.1.1"
      util-deprecate "~1.0.1"
  
  responselike@1.0.2:
    version "1.0.2"
    resolved "https://registry.yarnpkg.com/responselike/-/responselike-1.0.2.tgz#918720ef3b631c5642be068f15ade5a46f4ba1e7"
    integrity sha1-kYcg7ztjHFZCvgaPFa3lpG9Loec=
    dependencies:
      lowercase-keys "^1.0.0"
  
  safe-buffer@5.1.2, safe-buffer@~5.1.0, safe-buffer@~5.1.1:
    version "5.1.2"
    resolved "https://registry.yarnpkg.com/safe-buffer/-/safe-buffer-5.1.2.tgz#991ec69d296e0313747d59bdfd2b745c35f8828d"
    integrity sha512-Gd2UZBJDkXlY7GbJxfsE8/nvKkUEU1G38c1siN6QP6a9PT9MmHB8GnpscSmMJSoF8LOIrt8ud/wPtojys4G6+g==
  
  safe-buffer@^5.1.1:
    version "5.2.1"
    resolved "https://registry.yarnpkg.com/safe-buffer/-/safe-buffer-5.2.1.tgz#1eaf9fa9bdb1fdd4ec75f58f9cdb4e6b7827eec6"
    integrity sha512-rp3So07KcdmmKbGvgaNxQSJr7bGVSVk5S9Eq1F+ppbRo70+YeaDxkw5Dd8NPN+GD6bjnYm2VuPuCXmpuYvmCXQ==
  
  sax@^1.2.4:
    version "1.2.4"
    resolved "https://registry.yarnpkg.com/sax/-/sax-1.2.4.tgz#2816234e2378bddc4e5354fab5caa895df7100d9"
    integrity sha512-NqVDv9TpANUjFm0N8uM5GxL36UgKi9/atZw+x7YFnQ8ckwFGKrl4xX4yWtrey3UJm5nP1kUbnYgLopqWNSRhWw==
  
  seek-bzip@^1.0.5:
    version "1.0.6"
    resolved "https://registry.yarnpkg.com/seek-bzip/-/seek-bzip-1.0.6.tgz#35c4171f55a680916b52a07859ecf3b5857f21c4"
    integrity sha512-e1QtP3YL5tWww8uKaOCQ18UxIT2laNBXHjV/S2WYCiK4udiv8lkG89KRIoCjUagnAmCBurjF4zEVX2ByBbnCjQ==
    dependencies:
      commander "^2.8.1"
  
  semver@^5.6.0:
    version "5.7.1"
    resolved "https://registry.yarnpkg.com/semver/-/semver-5.7.1.tgz#a954f931aeba508d307bbf069eff0c01c96116f7"
    integrity sha512-sauaDf/PZdVgrLTNYHRtpXa1iRiKcaebiKQ1BJdpQlWH2lCvexQdX55snPFyK7QzpudqbCI0qXFfOasHdyNDGQ==
  
  slug@^3.3.4:
    version "3.3.4"
    resolved "https://registry.yarnpkg.com/slug/-/slug-3.3.4.tgz#bde453bee60587505f312c68738b8df21e5d388f"
    integrity sha512-VpHbtRCEWmgaZsrZcTsVl/Dhw98lcrOYDO17DNmJCNpppI6s3qJvnNu2Q3D4L84/2bi6vkW40mjNQI9oGQsflg==
  
  sort-keys-length@^1.0.0:
    version "1.0.1"
    resolved "https://registry.yarnpkg.com/sort-keys-length/-/sort-keys-length-1.0.1.tgz#9cb6f4f4e9e48155a6aa0671edd336ff1479a188"
    integrity sha1-nLb09OnkgVWmqgZx7dM2/xR5oYg=
    dependencies:
      sort-keys "^1.0.0"
  
  sort-keys@^1.0.0:
    version "1.1.2"
    resolved "https://registry.yarnpkg.com/sort-keys/-/sort-keys-1.1.2.tgz#441b6d4d346798f1b4e49e8920adfba0e543f9ad"
    integrity sha1-RBttTTRnmPG05J6JIK37oOVD+a0=
    dependencies:
      is-plain-obj "^1.0.0"
  
  sort-keys@^2.0.0:
    version "2.0.0"
    resolved "https://registry.yarnpkg.com/sort-keys/-/sort-keys-2.0.0.tgz#658535584861ec97d730d6cf41822e1f56684128"
    integrity sha1-ZYU1WEhh7JfXMNbPQYIuH1ZoQSg=
    dependencies:
      is-plain-obj "^1.0.0"
  
  strict-uri-encode@^1.0.0:
    version "1.1.0"
    resolved "https://registry.yarnpkg.com/strict-uri-encode/-/strict-uri-encode-1.1.0.tgz#279b225df1d582b1f54e65addd4352e18faa0713"
    integrity sha1-J5siXfHVgrH1TmWt3UNS4Y+qBxM=
  
  string_decoder@~1.1.1:
    version "1.1.1"
    resolved "https://registry.yarnpkg.com/string_decoder/-/string_decoder-1.1.1.tgz#9cf1611ba62685d7030ae9e4ba34149c3af03fc8"
    integrity sha512-n/ShnvDi6FHbbVfviro+WojiFzv+s8MPMHBczVePfUpDJLwoLT0ht1l4YwBCbi8pJAveEEdnkHyPyTP/mzRfwg==
    dependencies:
      safe-buffer "~5.1.0"
  
  strip-dirs@^2.0.0:
    version "2.1.0"
    resolved "https://registry.yarnpkg.com/strip-dirs/-/strip-dirs-2.1.0.tgz#4987736264fc344cf20f6c34aca9d13d1d4ed6c5"
    integrity sha512-JOCxOeKLm2CAS73y/U4ZeZPTkE+gNVCzKt7Eox84Iej1LT/2pTWYpZKJuxwQpvX1LiZb1xokNR7RLfuBAa7T3g==
    dependencies:
      is-natural-number "^4.0.1"
  
  strip-outer@^1.0.0:
    version "1.0.1"
    resolved "https://registry.yarnpkg.com/strip-outer/-/strip-outer-1.0.1.tgz#b2fd2abf6604b9d1e6013057195df836b8a9d631"
    integrity sha512-k55yxKHwaXnpYGsOzg4Vl8+tDrWylxDEpknGjhTiZB8dFRU5rTo9CAzeycivxV3s+zlTKwrs6WxMxR95n26kwg==
    dependencies:
      escape-string-regexp "^1.0.2"
  
  tar-stream@^1.5.2:
    version "1.6.2"
    resolved "https://registry.yarnpkg.com/tar-stream/-/tar-stream-1.6.2.tgz#8ea55dab37972253d9a9af90fdcd559ae435c555"
    integrity sha512-rzS0heiNf8Xn7/mpdSVVSMAWAoy9bfb1WOTYC78Z0UQKeKa/CWS8FOq0lKGNa8DWKAn9gxjCvMLYc5PGXYlK2A==
    dependencies:
      bl "^1.0.0"
      buffer-alloc "^1.2.0"
      end-of-stream "^1.0.0"
      fs-constants "^1.0.0"
      readable-stream "^2.3.0"
      to-buffer "^1.1.1"
      xtend "^4.0.0"
  
  through@^2.3.8:
    version "2.3.8"
    resolved "https://registry.yarnpkg.com/through/-/through-2.3.8.tgz#0dd4c9ffaabc357960b1b724115d7e0e86a2e1f5"
    integrity sha1-DdTJ/6q8NXlgsbckEV1+Doai4fU=
  
  timed-out@^4.0.1:
    version "4.0.1"
    resolved "https://registry.yarnpkg.com/timed-out/-/timed-out-4.0.1.tgz#f32eacac5a175bea25d7fab565ab3ed8741ef56f"
    integrity sha1-8y6srFoXW+ol1/q1Zas+2HQe9W8=
  
  to-buffer@^1.1.1:
    version "1.1.1"
    resolved "https://registry.yarnpkg.com/to-buffer/-/to-buffer-1.1.1.tgz#493bd48f62d7c43fcded313a03dcadb2e1213a80"
    integrity sha512-lx9B5iv7msuFYE3dytT+KE5tap+rNYw+K4jVkb9R/asAb+pbBSM17jtunHplhBe6RRJdZx3Pn2Jph24O32mOVg==
  
  trim-repeated@^1.0.0:
    version "1.0.0"
    resolved "https://registry.yarnpkg.com/trim-repeated/-/trim-repeated-1.0.0.tgz#e3646a2ea4e891312bf7eace6cfb05380bc01c21"
    integrity sha1-42RqLqTokTEr9+rObPsFOAvAHCE=
    dependencies:
      escape-string-regexp "^1.0.2"
  
  unbzip2-stream@^1.0.9:
    version "1.4.3"
    resolved "https://registry.yarnpkg.com/unbzip2-stream/-/unbzip2-stream-1.4.3.tgz#b0da04c4371311df771cdc215e87f2130991ace7"
    integrity sha512-mlExGW4w71ebDJviH16lQLtZS32VKqsSfk80GCfUlwT/4/hNRFsoscrF/c++9xinkMzECL1uL9DDwXqFWkruPg==
    dependencies:
      buffer "^5.2.1"
      through "^2.3.8"
  
  url-parse-lax@^3.0.0:
    version "3.0.0"
    resolved "https://registry.yarnpkg.com/url-parse-lax/-/url-parse-lax-3.0.0.tgz#16b5cafc07dbe3676c1b1999177823d6503acb0c"
    integrity sha1-FrXK/Afb42dsGxmZF3gj1lA6yww=
    dependencies:
      prepend-http "^2.0.0"
  
  url-to-options@^1.0.1:
    version "1.0.1"
    resolved "https://registry.yarnpkg.com/url-to-options/-/url-to-options-1.0.1.tgz#1505a03a289a48cbd7a434efbaeec5055f5633a9"
    integrity sha1-FQWgOiiaSMvXpDTvuu7FBV9WM6k=
  
  util-deprecate@~1.0.1:
    version "1.0.2"
    resolved "https://registry.yarnpkg.com/util-deprecate/-/util-deprecate-1.0.2.tgz#450d4dc9fa70de732762fbd2d4a28981419a0ccf"
    integrity sha1-RQ1Nyfpw3nMnYvvS1KKJgUGaDM8=
  
  wrappy@1:
    version "1.0.2"
    resolved "https://registry.yarnpkg.com/wrappy/-/wrappy-1.0.2.tgz#b5243d8f3ec1aa35f1364605bc0d1036e30ab69f"
    integrity sha1-tSQ9jz7BqjXxNkYFvA0QNuMKtp8=
  
  xml-js@^1.6.11:
    version "1.6.11"
    resolved "https://registry.yarnpkg.com/xml-js/-/xml-js-1.6.11.tgz#927d2f6947f7f1c19a316dd8eea3614e8b18f8e9"
    integrity sha512-7rVi2KMfwfWFl+GpPg6m80IVMWXLRjO+PxTq7V2CDhoGak0wzYzFgUY2m4XJ47OGdXd8eLE8EmwfAmdjw7lC1g==
    dependencies:
      sax "^1.2.4"
  
  xtend@^4.0.0:
    version "4.0.2"
    resolved "https://registry.yarnpkg.com/xtend/-/xtend-4.0.2.tgz#bb72779f5fa465186b1f438f674fa347fdb5db54"
    integrity sha512-LKYU1iAXJXUgAXn9URjiu+MWhyUXHsvfp7mcuYm9dSUKK0/CjtrUwFAxD82/mCWbtLsGjFIad0wIsod4zrTAEQ==
  
  yauzl@^2.4.2:
    version "2.10.0"
    resolved "https://registry.yarnpkg.com/yauzl/-/yauzl-2.10.0.tgz#c7eb17c93e112cb1086fa6d8e51fb0667b79a5f9"
    integrity sha1-x+sXyT4RLLEIb6bY5R+wZnt5pfk=
    dependencies:
      buffer-crc32 "~0.2.3"
      fd-slicer "~1.1.0"
